--- Startup times for process: Primary (or UI client) ---

times in msec
 clock   self+sourced   self:  sourced script
 clock   elapsed:              other lines

000.001  000.001: --- NVIM STARTING ---
000.188  000.188: event init
000.456  000.268: early init
001.371  000.915: locale set
001.426  000.055: init first window
002.071  000.645: inits 1
002.085  000.015: window checked
002.091  000.006: parsing arguments
002.726  000.057  000.057: require('vim.shared')
002.845  000.044  000.044: require('vim.inspect')
002.904  000.047  000.047: require('vim._options')
002.909  000.176  000.085: require('vim._editor')
002.911  000.286  000.053: require('vim._init_packages')
002.912  000.535: init lua interpreter
010.340  007.428: nvim_ui_attach
010.872  000.532: nvim_set_client_info
010.878  000.006: --- NVIM STARTED ---

--- Startup times for process: Embedded ---

times in msec
 clock   self+sourced   self:  sourced script
 clock   elapsed:              other lines

000.002  000.002: --- NVIM STARTING ---
000.208  000.206: event init
000.354  000.146: early init
001.116  000.762: locale set
001.170  000.053: init first window
001.718  000.548: inits 1
001.747  000.029: window checked
001.753  000.006: parsing arguments
002.397  000.055  000.055: require('vim.shared')
002.513  000.043  000.043: require('vim.inspect')
002.572  000.047  000.047: require('vim._options')
002.576  000.172  000.083: require('vim._editor')
002.578  000.281  000.054: require('vim._init_packages')
002.580  000.546: init lua interpreter
005.523  002.943: expanding arguments
005.569  000.046: inits 2
005.896  000.328: init highlight
005.898  000.002: waiting for UI
006.334  000.435: done waiting for UI
006.346  000.012: clear screen
006.522  000.026  000.026: require('vim.keymap')
007.827  000.227  000.227: sourcing nvim_exec2()
008.182  001.832  001.580: require('vim._defaults')
008.186  000.008: init default mappings & autocommands
009.108  000.089  000.089: sourcing /usr/local/Cellar/neovim/0.11.1/share/nvim/runtime/ftplugin.vim
009.302  000.041  000.041: sourcing /usr/local/Cellar/neovim/0.11.1/share/nvim/runtime/indent.vim
010.359  000.101  000.101: sourcing /usr/local/Cellar/neovim/0.11.1/share/nvim/runtime/syntax/synload.vim
010.781  000.055  000.055: sourcing nvim_exec2() called at /usr/local/Cellar/neovim/0.11.1/share/nvim/runtime/filetype.lua:0
010.786  000.264  000.209: sourcing /usr/local/Cellar/neovim/0.11.1/share/nvim/runtime/filetype.lua
012.924  001.952  001.952: require('vim.filetype')
015.393  001.940  001.940: require('vim.filetype.detect')
015.511  005.395  001.138: sourcing /usr/local/Cellar/neovim/0.11.1/share/nvim/runtime/syntax/syntax.vim
015.762  000.104  000.104: sourcing /usr/local/Cellar/neovim/0.11.1/share/nvim/runtime/filetype.lua
015.897  000.017  000.017: sourcing /usr/local/Cellar/neovim/0.11.1/share/nvim/runtime/ftplugin.vim
015.993  006.342  000.825: sourcing /etc/vimrc
016.974  000.103  000.103: sourcing /usr/local/Cellar/neovim/0.11.1/share/nvim/runtime/filetype.lua
017.164  000.021  000.021: sourcing /usr/local/Cellar/neovim/0.11.1/share/nvim/runtime/ftplugin.vim
017.303  000.016  000.016: sourcing /usr/local/Cellar/neovim/0.11.1/share/nvim/runtime/indent.vim
017.801  000.122  000.122: sourcing /usr/local/Cellar/neovim/0.11.1/share/nvim/runtime/syntax/nosyntax.vim
018.007  000.094  000.094: sourcing /usr/local/Cellar/neovim/0.11.1/share/nvim/runtime/syntax/synload.vim
018.104  000.547  000.331: sourcing /usr/local/Cellar/neovim/0.11.1/share/nvim/runtime/syntax/syntax.vim
018.321  002.185  001.498: sourcing /Users/andrewwhelan/.vim/vimfiles/arista.vim
020.272  001.791  001.791: sourcing /Users/andrewwhelan/.local/share/nvim/site/autoload/plug.vim
020.696  000.034  000.034: sourcing /usr/local/Cellar/neovim/0.11.1/share/nvim/runtime/ftoff.vim
021.811  000.061  000.061: sourcing nvim_exec2() called at /usr/local/Cellar/neovim/0.11.1/share/nvim/runtime/filetype.lua:0
021.817  000.231  000.170: sourcing /usr/local/Cellar/neovim/0.11.1/share/nvim/runtime/filetype.lua
021.983  000.019  000.019: sourcing /usr/local/Cellar/neovim/0.11.1/share/nvim/runtime/ftplugin.vim
022.105  000.015  000.015: sourcing /usr/local/Cellar/neovim/0.11.1/share/nvim/runtime/indent.vim
022.464  000.123  000.123: sourcing /usr/local/Cellar/neovim/0.11.1/share/nvim/runtime/syntax/nosyntax.vim
022.661  000.089  000.089: sourcing /usr/local/Cellar/neovim/0.11.1/share/nvim/runtime/syntax/synload.vim
022.754  000.511  000.298: sourcing /usr/local/Cellar/neovim/0.11.1/share/nvim/runtime/syntax/syntax.vim
022.983  000.104  000.104: sourcing /usr/local/Cellar/neovim/0.11.1/share/nvim/runtime/filetype.lua
023.108  000.016  000.016: sourcing /usr/local/Cellar/neovim/0.11.1/share/nvim/runtime/ftplugin.vim
023.221  000.013  000.013: sourcing /usr/local/Cellar/neovim/0.11.1/share/nvim/runtime/indent.vim
024.849  001.212  001.212: sourcing /usr/local/Cellar/neovim/0.11.1/share/nvim/runtime/colors/vim.lua
025.243  001.713  000.501: sourcing /usr/local/Cellar/neovim/0.11.1/share/nvim/runtime/colors/elflord.vim
025.406  015.882  002.908: sourcing /Users/andrewwhelan/.config/nvim/init.vim
025.422  001.225: sourcing vimrc file(s)
027.131  000.231  000.231: sourcing /usr/local/Cellar/neovim/0.11.1/share/nvim/runtime/plugin/gzip.vim
028.531  000.216  000.216: sourcing /usr/local/Cellar/neovim/0.11.1/share/nvim/runtime/pack/dist/opt/matchit/plugin/matchit.vim
028.624  001.369  001.153: sourcing /usr/local/Cellar/neovim/0.11.1/share/nvim/runtime/plugin/matchit.vim
028.959  000.219  000.219: sourcing /usr/local/Cellar/neovim/0.11.1/share/nvim/runtime/plugin/matchparen.vim
030.238  000.285  000.285: sourcing /usr/local/Cellar/neovim/0.11.1/share/nvim/runtime/pack/dist/opt/netrw/plugin/netrwPlugin.vim
030.322  001.244  000.959: sourcing /usr/local/Cellar/neovim/0.11.1/share/nvim/runtime/plugin/netrwPlugin.vim
030.709  000.262  000.262: sourcing /usr/local/Cellar/neovim/0.11.1/share/nvim/runtime/plugin/rplugin.vim
030.961  000.101  000.101: sourcing /usr/local/Cellar/neovim/0.11.1/share/nvim/runtime/plugin/shada.vim
031.122  000.027  000.027: sourcing /usr/local/Cellar/neovim/0.11.1/share/nvim/runtime/plugin/spellfile.vim
031.358  000.115  000.115: sourcing /usr/local/Cellar/neovim/0.11.1/share/nvim/runtime/plugin/tarPlugin.vim
031.515  000.025  000.025: sourcing /usr/local/Cellar/neovim/0.11.1/share/nvim/runtime/plugin/tutor.vim
031.787  000.153  000.153: sourcing /usr/local/Cellar/neovim/0.11.1/share/nvim/runtime/plugin/zipPlugin.vim
032.015  000.098  000.098: sourcing /usr/local/Cellar/neovim/0.11.1/share/nvim/runtime/plugin/editorconfig.lua
032.259  000.119  000.119: sourcing /usr/local/Cellar/neovim/0.11.1/share/nvim/runtime/plugin/man.lua
032.508  000.125  000.125: sourcing /usr/local/Cellar/neovim/0.11.1/share/nvim/runtime/plugin/osc52.lua
032.707  000.078  000.078: sourcing /usr/local/Cellar/neovim/0.11.1/share/nvim/runtime/plugin/tohtml.lua
032.787  003.197: loading rtp plugins
033.055  000.268: loading packages
033.569  000.514: loading after plugins
033.586  000.017: inits 3
033.961  000.375: reading ShaDa
034.067  000.106: opening buffers
034.107  000.040: BufEnter autocommands
034.110  000.003: editing files in windows
034.348  000.238: VimEnter autocommands
034.688  000.314  000.314: require('vim.termcap')
034.735  000.018  000.018: require('vim.text')
034.768  000.088: UIEnter autocommands
034.770  000.002: before starting main loop
035.147  000.377: first screen update
035.150  000.002: --- NVIM STARTED ---

--- Startup times for process: Primary (or UI client) ---

times in msec
 clock   self+sourced   self:  sourced script
 clock   elapsed:              other lines

000.001  000.001: --- NVIM STARTING ---
000.115  000.114: event init
000.259  000.144: early init
000.902  000.644: locale set
000.940  000.038: init first window
001.599  000.659: inits 1
001.613  000.014: window checked
001.618  000.005: parsing arguments
002.550  000.156  000.156: require('vim.shared')
002.757  000.130  000.130: require('vim.inspect')
002.806  000.038  000.038: require('vim._options')
002.810  000.254  000.086: require('vim._editor')
002.812  000.457  000.047: require('vim._init_packages')
002.814  000.738: init lua interpreter
009.637  006.823: nvim_ui_attach
009.988  000.352: nvim_set_client_info
009.990  000.002: --- NVIM STARTED ---

--- Startup times for process: Embedded ---

times in msec
 clock   self+sourced   self:  sourced script
 clock   elapsed:              other lines

000.001  000.001: --- NVIM STARTING ---
000.116  000.116: event init
000.246  000.129: early init
000.915  000.669: locale set
000.973  000.058: init first window
001.518  000.545: inits 1
001.545  000.028: window checked
001.550  000.005: parsing arguments
002.085  000.049  000.049: require('vim.shared')
002.175  000.033  000.033: require('vim.inspect')
002.217  000.034  000.034: require('vim._options')
002.221  000.131  000.064: require('vim._editor')
002.222  000.221  000.041: require('vim._init_packages')
002.224  000.452: init lua interpreter
005.400  003.176: expanding arguments
005.423  000.023: inits 2
005.672  000.248: init highlight
005.673  000.002: waiting for UI
006.069  000.396: done waiting for UI
006.097  000.028: clear screen
006.290  000.040  000.040: require('vim.keymap')
007.358  000.165  000.165: sourcing nvim_exec2()
007.746  001.643  001.438: require('vim._defaults')
007.768  000.027: init default mappings & autocommands
008.875  000.074  000.074: sourcing /usr/local/Cellar/neovim/0.11.1/share/nvim/runtime/ftplugin.vim
009.024  000.034  000.034: sourcing /usr/local/Cellar/neovim/0.11.1/share/nvim/runtime/indent.vim
010.111  000.114  000.114: sourcing /usr/local/Cellar/neovim/0.11.1/share/nvim/runtime/syntax/synload.vim
010.695  000.048  000.048: sourcing nvim_exec2() called at /usr/local/Cellar/neovim/0.11.1/share/nvim/runtime/filetype.lua:0
010.699  000.310  000.262: sourcing /usr/local/Cellar/neovim/0.11.1/share/nvim/runtime/filetype.lua
012.582  001.625  001.625: require('vim.filetype')
014.841  001.834  001.834: require('vim.filetype.detect')
014.947  005.108  001.224: sourcing /usr/local/Cellar/neovim/0.11.1/share/nvim/runtime/syntax/syntax.vim
015.157  000.082  000.082: sourcing /usr/local/Cellar/neovim/0.11.1/share/nvim/runtime/filetype.lua
015.264  000.014  000.014: sourcing /usr/local/Cellar/neovim/0.11.1/share/nvim/runtime/ftplugin.vim
015.340  005.956  000.753: sourcing /etc/vimrc
016.221  000.081  000.081: sourcing /usr/local/Cellar/neovim/0.11.1/share/nvim/runtime/filetype.lua
016.321  000.013  000.013: sourcing /usr/local/Cellar/neovim/0.11.1/share/nvim/runtime/ftplugin.vim
016.414  000.011  000.011: sourcing /usr/local/Cellar/neovim/0.11.1/share/nvim/runtime/indent.vim
016.797  000.093  000.093: sourcing /usr/local/Cellar/neovim/0.11.1/share/nvim/runtime/syntax/nosyntax.vim
016.958  000.074  000.074: sourcing /usr/local/Cellar/neovim/0.11.1/share/nvim/runtime/syntax/synload.vim
017.031  000.421  000.254: sourcing /usr/local/Cellar/neovim/0.11.1/share/nvim/runtime/syntax/syntax.vim
017.165  001.706  001.181: sourcing /Users/andrewwhelan/.vim/vimfiles/arista.vim
018.888  001.605  001.605: sourcing /Users/andrewwhelan/.local/share/nvim/site/autoload/plug.vim
019.227  000.025  000.025: sourcing /usr/local/Cellar/neovim/0.11.1/share/nvim/runtime/ftoff.vim
020.062  000.033  000.033: sourcing nvim_exec2() called at /usr/local/Cellar/neovim/0.11.1/share/nvim/runtime/filetype.lua:0
020.066  000.142  000.110: sourcing /usr/local/Cellar/neovim/0.11.1/share/nvim/runtime/filetype.lua
020.169  000.012  000.012: sourcing /usr/local/Cellar/neovim/0.11.1/share/nvim/runtime/ftplugin.vim
020.259  000.010  000.010: sourcing /usr/local/Cellar/neovim/0.11.1/share/nvim/runtime/indent.vim
020.516  000.088  000.088: sourcing /usr/local/Cellar/neovim/0.11.1/share/nvim/runtime/syntax/nosyntax.vim
020.660  000.061  000.061: sourcing /usr/local/Cellar/neovim/0.11.1/share/nvim/runtime/syntax/synload.vim
020.735  000.376  000.227: sourcing /usr/local/Cellar/neovim/0.11.1/share/nvim/runtime/syntax/syntax.vim
020.901  000.077  000.077: sourcing /usr/local/Cellar/neovim/0.11.1/share/nvim/runtime/filetype.lua
020.998  000.012  000.012: sourcing /usr/local/Cellar/neovim/0.11.1/share/nvim/runtime/ftplugin.vim
021.084  000.010  000.010: sourcing /usr/local/Cellar/neovim/0.11.1/share/nvim/runtime/indent.vim
022.318  000.918  000.918: sourcing /usr/local/Cellar/neovim/0.11.1/share/nvim/runtime/colors/vim.lua
022.613  001.293  000.375: sourcing /usr/local/Cellar/neovim/0.11.1/share/nvim/runtime/colors/elflord.vim
022.745  013.497  002.272: sourcing /Users/andrewwhelan/.config/nvim/init.vim
022.758  001.386: sourcing vimrc file(s)
024.645  000.258  000.258: sourcing /usr/local/Cellar/neovim/0.11.1/share/nvim/runtime/plugin/gzip.vim
026.252  000.270  000.270: sourcing /usr/local/Cellar/neovim/0.11.1/share/nvim/runtime/pack/dist/opt/matchit/plugin/matchit.vim
026.459  001.697  001.426: sourcing /usr/local/Cellar/neovim/0.11.1/share/nvim/runtime/plugin/matchit.vim
026.961  000.343  000.343: sourcing /usr/local/Cellar/neovim/0.11.1/share/nvim/runtime/plugin/matchparen.vim
029.003  000.485  000.485: sourcing /usr/local/Cellar/neovim/0.11.1/share/nvim/runtime/pack/dist/opt/netrw/plugin/netrwPlugin.vim
029.157  002.030  001.545: sourcing /usr/local/Cellar/neovim/0.11.1/share/nvim/runtime/plugin/netrwPlugin.vim
029.640  000.303  000.303: sourcing /usr/local/Cellar/neovim/0.11.1/share/nvim/runtime/plugin/rplugin.vim
029.903  000.095  000.095: sourcing /usr/local/Cellar/neovim/0.11.1/share/nvim/runtime/plugin/shada.vim
030.132  000.037  000.037: sourcing /usr/local/Cellar/neovim/0.11.1/share/nvim/runtime/plugin/spellfile.vim
030.542  000.173  000.173: sourcing /usr/local/Cellar/neovim/0.11.1/share/nvim/runtime/plugin/tarPlugin.vim
030.704  000.023  000.023: sourcing /usr/local/Cellar/neovim/0.11.1/share/nvim/runtime/plugin/tutor.vim
031.139  000.281  000.281: sourcing /usr/local/Cellar/neovim/0.11.1/share/nvim/runtime/plugin/zipPlugin.vim
031.481  000.139  000.139: sourcing /usr/local/Cellar/neovim/0.11.1/share/nvim/runtime/plugin/editorconfig.lua
031.780  000.148  000.148: sourcing /usr/local/Cellar/neovim/0.11.1/share/nvim/runtime/plugin/man.lua
032.047  000.118  000.118: sourcing /usr/local/Cellar/neovim/0.11.1/share/nvim/runtime/plugin/osc52.lua
032.239  000.070  000.070: sourcing /usr/local/Cellar/neovim/0.11.1/share/nvim/runtime/plugin/tohtml.lua
032.295  003.822: loading rtp plugins
032.633  000.338: loading packages
033.399  000.766: loading after plugins
033.421  000.022: inits 3
033.871  000.449: reading ShaDa
033.968  000.097: opening buffers
034.016  000.049: BufEnter autocommands
034.020  000.004: editing files in windows
034.384  000.363: VimEnter autocommands
034.848  000.443  000.443: require('vim.termcap')
034.940  000.047  000.047: require('vim.text')
034.992  000.118: UIEnter autocommands
034.995  000.003: before starting main loop
035.439  000.444: first screen update
035.443  000.004: --- NVIM STARTED ---

